2023.01.13 00:55:09 INFO  tracing is disabled for protocol LSP, to enable tracing of incoming and outgoing JSON messages create an empty file at c:\Users\gere\Desktop\GebeyaDar\.metals\lsp.trace.json or C:\Users\gere\AppData\Local\scalameta\metals\cache\lsp.trace.json
2023.01.13 00:55:12 INFO  logging to file C:\Users\gere\Desktop\GebeyaDar\.metals\metals.log
2023.01.13 00:55:12 INFO  Started: Metals version 0.11.10 in workspace 'C:\Users\gere\Desktop\GebeyaDar' for client Visual Studio Code 1.74.3.
SLF4J: No SLF4J providers were found.
SLF4J: Defaulting to no-operation (NOP) logger implementation
SLF4J: See https://www.slf4j.org/codes.html#noProviders for further details.
SLF4J: Class path contains SLF4J bindings targeting slf4j-api versions 1.7.x or earlier.
SLF4J: Ignoring binding found at [jar:file:/C:/Users/gere/AppData/Local/Coursier/cache/v1/https/repo1.maven.org/maven2/com/outr/scribe-slf4j_2.13/3.10.5/scribe-slf4j_2.13-3.10.5.jar!/org/slf4j/impl/StaticLoggerBinder.class]
SLF4J: See https://www.slf4j.org/codes.html#ignoredBindings for an explanation.
2023.01.13 00:55:18 INFO  time: initialize in 6.72s
2023.01.13 00:55:23 WARN  Build server is not auto-connectable.
2023.01.13 00:55:23 WARN  no build tool detected in workspace 'C:\Users\gere\Desktop\GebeyaDar'. The most common cause for this problem is that the editor was opened in the wrong working directory, for example if you use sbt then the workspace directory should contain build.sbt. 
2023.01.13 00:55:23 WARN  no build target for: C:\Users\gere\Desktop\GebeyaDar\android\app\src\main\java\com\gebeyadar\MainActivity.java
Jan 13, 2023 12:55:23 AM org.eclipse.lsp4j.jsonrpc.RemoteEndpoint handleCancellation
WARNING: Unmatched cancel notification for request id 1
Jan 13, 2023 12:55:23 AM org.eclipse.lsp4j.jsonrpc.RemoteEndpoint handleCancellation
WARNING: Unmatched cancel notification for request id 2
2023.01.13 00:55:33 ERROR text document: file:///C:/Users/gere/Desktop/GebeyaDar/android/app/src/main/java/com/gebeyadar/MainActivity.javajava.nio.file.InvalidPathException: Illegal char <:> at index 4: file:///C:/Users/gere/Desktop/GebeyaDar/android/app/src/main/java/com/gebeyadar/MainActivity.java
	at sun.nio.fs.WindowsPathParser.normalize(WindowsPathParser.java:182)
	at sun.nio.fs.WindowsPathParser.parse(WindowsPathParser.java:153)
	at sun.nio.fs.WindowsPathParser.parse(WindowsPathParser.java:77)
	at sun.nio.fs.WindowsPath.parse(WindowsPath.java:92)
	at sun.nio.fs.WindowsFileSystem.getPath(WindowsFileSystem.java:229)
	at java.nio.file.Path.resolve(Path.java:515)
	at scala.meta.io.AbsolutePath.resolve(AbsolutePath.scala:43)
	at scala.meta.internal.implementation.ImplementationProvider.$anonfun$computeInheritance$2(ImplementationProvider.scala:85)
	at scala.collection.immutable.Vector.foreach(Vector.scala:1895)
	at scala.meta.internal.implementation.ImplementationProvider.$anonfun$computeInheritance$1(ImplementationProvider.scala:79)
	at scala.meta.internal.implementation.ImplementationProvider.$anonfun$computeInheritance$1$adapted(ImplementationProvider.scala:78)
	at scala.collection.immutable.List.foreach(List.scala:333)
	at scala.meta.internal.implementation.ImplementationProvider.computeInheritance(ImplementationProvider.scala:78)
	at scala.meta.internal.implementation.ImplementationProvider.$anonfun$onChange$1(ImplementationProvider.scala:68)
	at java.util.concurrent.ConcurrentHashMap.compute(ConcurrentHashMap.java:1908)
	at scala.meta.internal.implementation.ImplementationProvider.onChange(ImplementationProvider.scala:68)
	at scala.meta.internal.metals.SemanticdbIndexer.$anonfun$onChange$1(SemanticdbIndexer.scala:81)
	at scala.meta.internal.metals.SemanticdbIndexer.$anonfun$onChange$1$adapted(SemanticdbIndexer.scala:81)
	at scala.collection.immutable.List.foreach(List.scala:333)
	at scala.meta.internal.metals.SemanticdbIndexer.onChange(SemanticdbIndexer.scala:81)
	at scala.meta.internal.metals.SemanticdbIndexer.onChange(SemanticdbIndexer.scala:77)
	at scala.meta.internal.metals.InteractiveSemanticdbs.$anonfun$textDocument$1(InteractiveSemanticdbs.scala:96)
	at java.util.HashMap.compute(HashMap.java:1229)
	at java.util.Collections$SynchronizedMap.compute(Collections.java:2692)
	at scala.meta.internal.metals.InteractiveSemanticdbs.textDocument(InteractiveSemanticdbs.scala:89)
	at scala.meta.internal.metals.InteractiveSemanticdbs.textDocument(InteractiveSemanticdbs.scala:63)
	at scala.meta.internal.metals.AggregateSemanticdbs.loop$1(AggregateSemanticdbs.scala:30)
	at scala.meta.internal.metals.AggregateSemanticdbs.textDocument(AggregateSemanticdbs.scala:36)
	at scala.meta.internal.metals.CodeLensProvider.findLenses(CodeLensProvider.scala:22)
	at scala.meta.internal.metals.MetalsLanguageServer.$anonfun$codeLens$2(MetalsLanguageServer.scala:1793)
	at scala.meta.internal.metals.TimerProvider.timedThunk(TimerProvider.scala:25)
	at scala.meta.internal.metals.MetalsLanguageServer.$anonfun$codeLens$1(MetalsLanguageServer.scala:1791)
	at scala.meta.internal.metals.CancelTokens$.$anonfun$apply$2(CancelTokens.scala:26)
	at scala.concurrent.Future$.$anonfun$apply$1(Future.scala:678)
	at scala.concurrent.impl.Promise$Transformation.run(Promise.scala:467)
	at java.util.concurrent.ThreadPoolExecutor.runWorker(ThreadPoolExecutor.java:1128)
	at java.util.concurrent.ThreadPoolExecutor$Worker.run(ThreadPoolExecutor.java:628)
	at java.lang.Thread.run(Thread.java:834)

2023.01.13 00:55:33 INFO  time: code lens generation in 2.62s
2023.01.13 00:55:59 ERROR text document: file:///C:/Users/gere/Desktop/GebeyaDar/android/app/src/main/java/com/gebeyadar/MainActivity.javajava.nio.file.InvalidPathException: Illegal char <:> at index 4: file:///C:/Users/gere/Desktop/GebeyaDar/android/app/src/main/java/com/gebeyadar/MainActivity.java
	at sun.nio.fs.WindowsPathParser.normalize(WindowsPathParser.java:182)
	at sun.nio.fs.WindowsPathParser.parse(WindowsPathParser.java:153)
	at sun.nio.fs.WindowsPathParser.parse(WindowsPathParser.java:77)
	at sun.nio.fs.WindowsPath.parse(WindowsPath.java:92)
	at sun.nio.fs.WindowsFileSystem.getPath(WindowsFileSystem.java:229)
	at java.nio.file.Path.resolve(Path.java:515)
	at scala.meta.io.AbsolutePath.resolve(AbsolutePath.scala:43)
	at scala.meta.internal.implementation.ImplementationProvider.$anonfun$computeInheritance$2(ImplementationProvider.scala:85)
	at scala.collection.immutable.Vector.foreach(Vector.scala:1895)
	at scala.meta.internal.implementation.ImplementationProvider.$anonfun$computeInheritance$1(ImplementationProvider.scala:79)
	at scala.meta.internal.implementation.ImplementationProvider.$anonfun$computeInheritance$1$adapted(ImplementationProvider.scala:78)
	at scala.collection.immutable.List.foreach(List.scala:333)
	at scala.meta.internal.implementation.ImplementationProvider.computeInheritance(ImplementationProvider.scala:78)
	at scala.meta.internal.implementation.ImplementationProvider.$anonfun$onChange$1(ImplementationProvider.scala:68)
	at java.util.concurrent.ConcurrentHashMap.compute(ConcurrentHashMap.java:1908)
	at scala.meta.internal.implementation.ImplementationProvider.onChange(ImplementationProvider.scala:68)
	at scala.meta.internal.metals.SemanticdbIndexer.$anonfun$onChange$1(SemanticdbIndexer.scala:81)
	at scala.meta.internal.metals.SemanticdbIndexer.$anonfun$onChange$1$adapted(SemanticdbIndexer.scala:81)
	at scala.collection.immutable.List.foreach(List.scala:333)
	at scala.meta.internal.metals.SemanticdbIndexer.onChange(SemanticdbIndexer.scala:81)
	at scala.meta.internal.metals.SemanticdbIndexer.onChange(SemanticdbIndexer.scala:77)
	at scala.meta.internal.metals.InteractiveSemanticdbs.$anonfun$textDocument$1(InteractiveSemanticdbs.scala:96)
	at java.util.HashMap.compute(HashMap.java:1229)
	at java.util.Collections$SynchronizedMap.compute(Collections.java:2692)
	at scala.meta.internal.metals.InteractiveSemanticdbs.textDocument(InteractiveSemanticdbs.scala:89)
	at scala.meta.internal.metals.InteractiveSemanticdbs.textDocument(InteractiveSemanticdbs.scala:63)
	at scala.meta.internal.metals.AggregateSemanticdbs.loop$1(AggregateSemanticdbs.scala:30)
	at scala.meta.internal.metals.AggregateSemanticdbs.textDocument(AggregateSemanticdbs.scala:36)
	at scala.meta.internal.metals.CodeLensProvider.findLenses(CodeLensProvider.scala:22)
	at scala.meta.internal.metals.MetalsLanguageServer.$anonfun$codeLens$2(MetalsLanguageServer.scala:1793)
	at scala.meta.internal.metals.TimerProvider.timedThunk(TimerProvider.scala:25)
	at scala.meta.internal.metals.MetalsLanguageServer.$anonfun$codeLens$1(MetalsLanguageServer.scala:1791)
	at scala.meta.internal.metals.CancelTokens$.$anonfun$apply$2(CancelTokens.scala:26)
	at scala.concurrent.Future$.$anonfun$apply$1(Future.scala:678)
	at scala.concurrent.impl.Promise$Transformation.run(Promise.scala:467)
	at java.util.concurrent.ThreadPoolExecutor.runWorker(ThreadPoolExecutor.java:1128)
	at java.util.concurrent.ThreadPoolExecutor$Worker.run(ThreadPoolExecutor.java:628)
	at java.lang.Thread.run(Thread.java:834)

2023.01.13 00:55:59 INFO  time: code lens generation in 1.16s
2023.01.13 00:56:18 ERROR text document: file:///C:/Users/gere/Desktop/GebeyaDar/android/app/src/main/java/com/gebeyadar/MainActivity.javajava.nio.file.InvalidPathException: Illegal char <:> at index 4: file:///C:/Users/gere/Desktop/GebeyaDar/android/app/src/main/java/com/gebeyadar/MainActivity.java
	at sun.nio.fs.WindowsPathParser.normalize(WindowsPathParser.java:182)
	at sun.nio.fs.WindowsPathParser.parse(WindowsPathParser.java:153)
	at sun.nio.fs.WindowsPathParser.parse(WindowsPathParser.java:77)
	at sun.nio.fs.WindowsPath.parse(WindowsPath.java:92)
	at sun.nio.fs.WindowsFileSystem.getPath(WindowsFileSystem.java:229)
	at java.nio.file.Path.resolve(Path.java:515)
	at scala.meta.io.AbsolutePath.resolve(AbsolutePath.scala:43)
	at scala.meta.internal.implementation.ImplementationProvider.$anonfun$computeInheritance$2(ImplementationProvider.scala:85)
	at scala.collection.immutable.Vector.foreach(Vector.scala:1895)
	at scala.meta.internal.implementation.ImplementationProvider.$anonfun$computeInheritance$1(ImplementationProvider.scala:79)
	at scala.meta.internal.implementation.ImplementationProvider.$anonfun$computeInheritance$1$adapted(ImplementationProvider.scala:78)
	at scala.collection.immutable.List.foreach(List.scala:333)
	at scala.meta.internal.implementation.ImplementationProvider.computeInheritance(ImplementationProvider.scala:78)
	at scala.meta.internal.implementation.ImplementationProvider.$anonfun$onChange$1(ImplementationProvider.scala:68)
	at java.util.concurrent.ConcurrentHashMap.compute(ConcurrentHashMap.java:1908)
	at scala.meta.internal.implementation.ImplementationProvider.onChange(ImplementationProvider.scala:68)
	at scala.meta.internal.metals.SemanticdbIndexer.$anonfun$onChange$1(SemanticdbIndexer.scala:81)
	at scala.meta.internal.metals.SemanticdbIndexer.$anonfun$onChange$1$adapted(SemanticdbIndexer.scala:81)
	at scala.collection.immutable.List.foreach(List.scala:333)
	at scala.meta.internal.metals.SemanticdbIndexer.onChange(SemanticdbIndexer.scala:81)
	at scala.meta.internal.metals.SemanticdbIndexer.onChange(SemanticdbIndexer.scala:77)
	at scala.meta.internal.metals.InteractiveSemanticdbs.$anonfun$textDocument$1(InteractiveSemanticdbs.scala:96)
	at java.util.HashMap.compute(HashMap.java:1229)
	at java.util.Collections$SynchronizedMap.compute(Collections.java:2692)
	at scala.meta.internal.metals.InteractiveSemanticdbs.textDocument(InteractiveSemanticdbs.scala:89)
	at scala.meta.internal.metals.InteractiveSemanticdbs.textDocument(InteractiveSemanticdbs.scala:63)
	at scala.meta.internal.metals.AggregateSemanticdbs.loop$1(AggregateSemanticdbs.scala:30)
	at scala.meta.internal.metals.AggregateSemanticdbs.textDocument(AggregateSemanticdbs.scala:36)
	at scala.meta.internal.metals.CodeLensProvider.findLenses(CodeLensProvider.scala:22)
	at scala.meta.internal.metals.MetalsLanguageServer.$anonfun$codeLens$2(MetalsLanguageServer.scala:1793)
	at scala.meta.internal.metals.TimerProvider.timedThunk(TimerProvider.scala:25)
	at scala.meta.internal.metals.MetalsLanguageServer.$anonfun$codeLens$1(MetalsLanguageServer.scala:1791)
	at scala.meta.internal.metals.CancelTokens$.$anonfun$apply$2(CancelTokens.scala:26)
	at scala.concurrent.Future$.$anonfun$apply$1(Future.scala:678)
	at scala.concurrent.impl.Promise$Transformation.run(Promise.scala:467)
	at java.util.concurrent.ThreadPoolExecutor.runWorker(ThreadPoolExecutor.java:1128)
	at java.util.concurrent.ThreadPoolExecutor$Worker.run(ThreadPoolExecutor.java:628)
	at java.lang.Thread.run(Thread.java:834)

2023.01.13 00:56:18 INFO  time: code lens generation in 3.88s
2023.01.13 00:56:28 WARN  no build target for: C:\Users\gere\Desktop\GebeyaDar\android\app\src\main\java\com\gebeyadar\MainActivity.java
2023.01.13 00:56:31 WARN  no build target for: C:\Users\gere\Desktop\GebeyaDar\android\app\src\main\java\com\gebeyadar\MainActivity.java
Jan 13, 2023 12:56:34 AM org.eclipse.lsp4j.jsonrpc.RemoteEndpoint handleCancellation
WARNING: Unmatched cancel notification for request id 24
2023.01.13 00:56:34 WARN  no build target for: C:\Users\gere\Desktop\GebeyaDar\android\app\src\main\java\com\gebeyadar\MainActivity.java
2023.01.13 00:56:34 ERROR text document: file:///C:/Users/gere/Desktop/GebeyaDar/android/app/src/main/java/com/gebeyadar/MainActivity.javajava.nio.file.InvalidPathException: Illegal char <:> at index 4: file:///C:/Users/gere/Desktop/GebeyaDar/android/app/src/main/java/com/gebeyadar/MainActivity.java
	at sun.nio.fs.WindowsPathParser.normalize(WindowsPathParser.java:182)
	at sun.nio.fs.WindowsPathParser.parse(WindowsPathParser.java:153)
	at sun.nio.fs.WindowsPathParser.parse(WindowsPathParser.java:77)
	at sun.nio.fs.WindowsPath.parse(WindowsPath.java:92)
	at sun.nio.fs.WindowsFileSystem.getPath(WindowsFileSystem.java:229)
	at java.nio.file.Path.resolve(Path.java:515)
	at scala.meta.io.AbsolutePath.resolve(AbsolutePath.scala:43)
	at scala.meta.internal.implementation.ImplementationProvider.$anonfun$computeInheritance$2(ImplementationProvider.scala:85)
	at scala.collection.immutable.Vector.foreach(Vector.scala:1895)
	at scala.meta.internal.implementation.ImplementationProvider.$anonfun$computeInheritance$1(ImplementationProvider.scala:79)
	at scala.meta.internal.implementation.ImplementationProvider.$anonfun$computeInheritance$1$adapted(ImplementationProvider.scala:78)
	at scala.collection.immutable.List.foreach(List.scala:333)
	at scala.meta.internal.implementation.ImplementationProvider.computeInheritance(ImplementationProvider.scala:78)
	at scala.meta.internal.implementation.ImplementationProvider.$anonfun$onChange$1(ImplementationProvider.scala:68)
	at java.util.concurrent.ConcurrentHashMap.compute(ConcurrentHashMap.java:1908)
	at scala.meta.internal.implementation.ImplementationProvider.onChange(ImplementationProvider.scala:68)
	at scala.meta.internal.metals.SemanticdbIndexer.$anonfun$onChange$1(SemanticdbIndexer.scala:81)
	at scala.meta.internal.metals.SemanticdbIndexer.$anonfun$onChange$1$adapted(SemanticdbIndexer.scala:81)
	at scala.collection.immutable.List.foreach(List.scala:333)
	at scala.meta.internal.metals.SemanticdbIndexer.onChange(SemanticdbIndexer.scala:81)
	at scala.meta.internal.metals.SemanticdbIndexer.onChange(SemanticdbIndexer.scala:77)
	at scala.meta.internal.metals.InteractiveSemanticdbs.$anonfun$textDocument$1(InteractiveSemanticdbs.scala:96)
	at java.util.HashMap.compute(HashMap.java:1229)
	at java.util.Collections$SynchronizedMap.compute(Collections.java:2692)
	at scala.meta.internal.metals.InteractiveSemanticdbs.textDocument(InteractiveSemanticdbs.scala:89)
	at scala.meta.internal.metals.InteractiveSemanticdbs.textDocument(InteractiveSemanticdbs.scala:63)
	at scala.meta.internal.metals.AggregateSemanticdbs.loop$1(AggregateSemanticdbs.scala:30)
	at scala.meta.internal.metals.AggregateSemanticdbs.textDocument(AggregateSemanticdbs.scala:36)
	at scala.meta.internal.metals.CodeLensProvider.findLenses(CodeLensProvider.scala:22)
	at scala.meta.internal.metals.MetalsLanguageServer.$anonfun$codeLens$2(MetalsLanguageServer.scala:1793)
	at scala.meta.internal.metals.TimerProvider.timedThunk(TimerProvider.scala:25)
	at scala.meta.internal.metals.MetalsLanguageServer.$anonfun$codeLens$1(MetalsLanguageServer.scala:1791)
	at scala.meta.internal.metals.CancelTokens$.$anonfun$apply$2(CancelTokens.scala:26)
	at scala.concurrent.Future$.$anonfun$apply$1(Future.scala:678)
	at scala.concurrent.impl.Promise$Transformation.run(Promise.scala:467)
	at java.util.concurrent.ThreadPoolExecutor.runWorker(ThreadPoolExecutor.java:1128)
	at java.util.concurrent.ThreadPoolExecutor$Worker.run(ThreadPoolExecutor.java:628)
	at java.lang.Thread.run(Thread.java:834)

2023.01.13 00:56:34 INFO  time: code lens generation in 3.23s
2023.01.13 00:56:37 ERROR text document: file:///C:/Users/gere/Desktop/GebeyaDar/android/app/src/main/java/com/gebeyadar/MainActivity.javajava.nio.file.InvalidPathException: Illegal char <:> at index 4: file:///C:/Users/gere/Desktop/GebeyaDar/android/app/src/main/java/com/gebeyadar/MainActivity.java
	at sun.nio.fs.WindowsPathParser.normalize(WindowsPathParser.java:182)
	at sun.nio.fs.WindowsPathParser.parse(WindowsPathParser.java:153)
	at sun.nio.fs.WindowsPathParser.parse(WindowsPathParser.java:77)
	at sun.nio.fs.WindowsPath.parse(WindowsPath.java:92)
	at sun.nio.fs.WindowsFileSystem.getPath(WindowsFileSystem.java:229)
	at java.nio.file.Path.resolve(Path.java:515)
	at scala.meta.io.AbsolutePath.resolve(AbsolutePath.scala:43)
	at scala.meta.internal.implementation.ImplementationProvider.$anonfun$computeInheritance$2(ImplementationProvider.scala:85)
	at scala.collection.immutable.Vector.foreach(Vector.scala:1895)
	at scala.meta.internal.implementation.ImplementationProvider.$anonfun$computeInheritance$1(ImplementationProvider.scala:79)
	at scala.meta.internal.implementation.ImplementationProvider.$anonfun$computeInheritance$1$adapted(ImplementationProvider.scala:78)
	at scala.collection.immutable.List.foreach(List.scala:333)
	at scala.meta.internal.implementation.ImplementationProvider.computeInheritance(ImplementationProvider.scala:78)
	at scala.meta.internal.implementation.ImplementationProvider.$anonfun$onChange$1(ImplementationProvider.scala:68)
	at java.util.concurrent.ConcurrentHashMap.compute(ConcurrentHashMap.java:1908)
	at scala.meta.internal.implementation.ImplementationProvider.onChange(ImplementationProvider.scala:68)
	at scala.meta.internal.metals.SemanticdbIndexer.$anonfun$onChange$1(SemanticdbIndexer.scala:81)
	at scala.meta.internal.metals.SemanticdbIndexer.$anonfun$onChange$1$adapted(SemanticdbIndexer.scala:81)
	at scala.collection.immutable.List.foreach(List.scala:333)
	at scala.meta.internal.metals.SemanticdbIndexer.onChange(SemanticdbIndexer.scala:81)
	at scala.meta.internal.metals.SemanticdbIndexer.onChange(SemanticdbIndexer.scala:77)
	at scala.meta.internal.metals.InteractiveSemanticdbs.$anonfun$textDocument$1(InteractiveSemanticdbs.scala:96)
	at java.util.HashMap.compute(HashMap.java:1229)
	at java.util.Collections$SynchronizedMap.compute(Collections.java:2692)
	at scala.meta.internal.metals.InteractiveSemanticdbs.textDocument(InteractiveSemanticdbs.scala:89)
	at scala.meta.internal.metals.InteractiveSemanticdbs.textDocument(InteractiveSemanticdbs.scala:63)
	at scala.meta.internal.metals.AggregateSemanticdbs.loop$1(AggregateSemanticdbs.scala:30)
	at scala.meta.internal.metals.AggregateSemanticdbs.textDocument(AggregateSemanticdbs.scala:36)
	at scala.meta.internal.metals.CodeLensProvider.findLenses(CodeLensProvider.scala:22)
	at scala.meta.internal.metals.MetalsLanguageServer.$anonfun$codeLens$2(MetalsLanguageServer.scala:1793)
	at scala.meta.internal.metals.TimerProvider.timedThunk(TimerProvider.scala:25)
	at scala.meta.internal.metals.MetalsLanguageServer.$anonfun$codeLens$1(MetalsLanguageServer.scala:1791)
	at scala.meta.internal.metals.CancelTokens$.$anonfun$apply$2(CancelTokens.scala:26)
	at scala.concurrent.Future$.$anonfun$apply$1(Future.scala:678)
	at scala.concurrent.impl.Promise$Transformation.run(Promise.scala:467)
	at java.util.concurrent.ThreadPoolExecutor.runWorker(ThreadPoolExecutor.java:1128)
	at java.util.concurrent.ThreadPoolExecutor$Worker.run(ThreadPoolExecutor.java:628)
	at java.lang.Thread.run(Thread.java:834)

2023.01.13 00:56:37 INFO  time: code lens generation in 3.07s
2023.01.13 00:56:41 ERROR text document: file:///C:/Users/gere/Desktop/GebeyaDar/android/app/src/main/java/com/gebeyadar/MainActivity.javajava.nio.file.InvalidPathException: Illegal char <:> at index 4: file:///C:/Users/gere/Desktop/GebeyaDar/android/app/src/main/java/com/gebeyadar/MainActivity.java
	at sun.nio.fs.WindowsPathParser.normalize(WindowsPathParser.java:182)
	at sun.nio.fs.WindowsPathParser.parse(WindowsPathParser.java:153)
	at sun.nio.fs.WindowsPathParser.parse(WindowsPathParser.java:77)
	at sun.nio.fs.WindowsPath.parse(WindowsPath.java:92)
	at sun.nio.fs.WindowsFileSystem.getPath(WindowsFileSystem.java:229)
	at java.nio.file.Path.resolve(Path.java:515)
	at scala.meta.io.AbsolutePath.resolve(AbsolutePath.scala:43)
	at scala.meta.internal.implementation.ImplementationProvider.$anonfun$computeInheritance$2(ImplementationProvider.scala:85)
	at scala.collection.immutable.Vector.foreach(Vector.scala:1895)
	at scala.meta.internal.implementation.ImplementationProvider.$anonfun$computeInheritance$1(ImplementationProvider.scala:79)
	at scala.meta.internal.implementation.ImplementationProvider.$anonfun$computeInheritance$1$adapted(ImplementationProvider.scala:78)
	at scala.collection.immutable.List.foreach(List.scala:333)
	at scala.meta.internal.implementation.ImplementationProvider.computeInheritance(ImplementationProvider.scala:78)
	at scala.meta.internal.implementation.ImplementationProvider.$anonfun$onChange$1(ImplementationProvider.scala:68)
	at java.util.concurrent.ConcurrentHashMap.compute(ConcurrentHashMap.java:1908)
	at scala.meta.internal.implementation.ImplementationProvider.onChange(ImplementationProvider.scala:68)
	at scala.meta.internal.metals.SemanticdbIndexer.$anonfun$onChange$1(SemanticdbIndexer.scala:81)
	at scala.meta.internal.metals.SemanticdbIndexer.$anonfun$onChange$1$adapted(SemanticdbIndexer.scala:81)
	at scala.collection.immutable.List.foreach(List.scala:333)
	at scala.meta.internal.metals.SemanticdbIndexer.onChange(SemanticdbIndexer.scala:81)
	at scala.meta.internal.metals.SemanticdbIndexer.onChange(SemanticdbIndexer.scala:77)
	at scala.meta.internal.metals.InteractiveSemanticdbs.$anonfun$textDocument$1(InteractiveSemanticdbs.scala:96)
	at java.util.HashMap.compute(HashMap.java:1229)
	at java.util.Collections$SynchronizedMap.compute(Collections.java:2692)
	at scala.meta.internal.metals.InteractiveSemanticdbs.textDocument(InteractiveSemanticdbs.scala:89)
	at scala.meta.internal.metals.InteractiveSemanticdbs.textDocument(InteractiveSemanticdbs.scala:63)
	at scala.meta.internal.metals.AggregateSemanticdbs.loop$1(AggregateSemanticdbs.scala:30)
	at scala.meta.internal.metals.AggregateSemanticdbs.textDocument(AggregateSemanticdbs.scala:36)
	at scala.meta.internal.metals.CodeLensProvider.findLenses(CodeLensProvider.scala:22)
	at scala.meta.internal.metals.MetalsLanguageServer.$anonfun$codeLens$2(MetalsLanguageServer.scala:1793)
	at scala.meta.internal.metals.TimerProvider.timedThunk(TimerProvider.scala:25)
	at scala.meta.internal.metals.MetalsLanguageServer.$anonfun$codeLens$1(MetalsLanguageServer.scala:1791)
	at scala.meta.internal.metals.CancelTokens$.$anonfun$apply$2(CancelTokens.scala:26)
	at scala.concurrent.Future$.$anonfun$apply$1(Future.scala:678)
	at scala.concurrent.impl.Promise$Transformation.run(Promise.scala:467)
	at java.util.concurrent.ThreadPoolExecutor.runWorker(ThreadPoolExecutor.java:1128)
	at java.util.concurrent.ThreadPoolExecutor$Worker.run(ThreadPoolExecutor.java:628)
	at java.lang.Thread.run(Thread.java:834)

2023.01.13 00:56:41 INFO  time: code lens generation in 1.71s
2023.01.13 00:57:59 ERROR text document: file:///C:/Users/gere/Desktop/GebeyaDar/android/app/src/main/java/com/gebeyadar/MainActivity.javajava.nio.file.InvalidPathException: Illegal char <:> at index 4: file:///C:/Users/gere/Desktop/GebeyaDar/android/app/src/main/java/com/gebeyadar/MainActivity.java
	at sun.nio.fs.WindowsPathParser.normalize(WindowsPathParser.java:182)
	at sun.nio.fs.WindowsPathParser.parse(WindowsPathParser.java:153)
	at sun.nio.fs.WindowsPathParser.parse(WindowsPathParser.java:77)
	at sun.nio.fs.WindowsPath.parse(WindowsPath.java:92)
	at sun.nio.fs.WindowsFileSystem.getPath(WindowsFileSystem.java:229)
	at java.nio.file.Path.resolve(Path.java:515)
	at scala.meta.io.AbsolutePath.resolve(AbsolutePath.scala:43)
	at scala.meta.internal.implementation.ImplementationProvider.$anonfun$computeInheritance$2(ImplementationProvider.scala:85)
	at scala.collection.immutable.Vector.foreach(Vector.scala:1895)
	at scala.meta.internal.implementation.ImplementationProvider.$anonfun$computeInheritance$1(ImplementationProvider.scala:79)
	at scala.meta.internal.implementation.ImplementationProvider.$anonfun$computeInheritance$1$adapted(ImplementationProvider.scala:78)
	at scala.collection.immutable.List.foreach(List.scala:333)
	at scala.meta.internal.implementation.ImplementationProvider.computeInheritance(ImplementationProvider.scala:78)
	at scala.meta.internal.implementation.ImplementationProvider.$anonfun$onChange$1(ImplementationProvider.scala:68)
	at java.util.concurrent.ConcurrentHashMap.compute(ConcurrentHashMap.java:1908)
	at scala.meta.internal.implementation.ImplementationProvider.onChange(ImplementationProvider.scala:68)
	at scala.meta.internal.metals.SemanticdbIndexer.$anonfun$onChange$1(SemanticdbIndexer.scala:81)
	at scala.meta.internal.metals.SemanticdbIndexer.$anonfun$onChange$1$adapted(SemanticdbIndexer.scala:81)
	at scala.collection.immutable.List.foreach(List.scala:333)
	at scala.meta.internal.metals.SemanticdbIndexer.onChange(SemanticdbIndexer.scala:81)
	at scala.meta.internal.metals.SemanticdbIndexer.onChange(SemanticdbIndexer.scala:77)
	at scala.meta.internal.metals.InteractiveSemanticdbs.$anonfun$textDocument$1(InteractiveSemanticdbs.scala:96)
	at java.util.HashMap.compute(HashMap.java:1229)
	at java.util.Collections$SynchronizedMap.compute(Collections.java:2692)
	at scala.meta.internal.metals.InteractiveSemanticdbs.textDocument(InteractiveSemanticdbs.scala:89)
	at scala.meta.internal.metals.InteractiveSemanticdbs.textDocument(InteractiveSemanticdbs.scala:63)
	at scala.meta.internal.metals.AggregateSemanticdbs.loop$1(AggregateSemanticdbs.scala:30)
	at scala.meta.internal.metals.AggregateSemanticdbs.textDocument(AggregateSemanticdbs.scala:36)
	at scala.meta.internal.metals.CodeLensProvider.findLenses(CodeLensProvider.scala:22)
	at scala.meta.internal.metals.MetalsLanguageServer.$anonfun$codeLens$2(MetalsLanguageServer.scala:1793)
	at scala.meta.internal.metals.TimerProvider.timedThunk(TimerProvider.scala:25)
	at scala.meta.internal.metals.MetalsLanguageServer.$anonfun$codeLens$1(MetalsLanguageServer.scala:1791)
	at scala.meta.internal.metals.CancelTokens$.$anonfun$apply$2(CancelTokens.scala:26)
	at scala.concurrent.Future$.$anonfun$apply$1(Future.scala:678)
	at scala.concurrent.impl.Promise$Transformation.run(Promise.scala:467)
	at java.util.concurrent.ThreadPoolExecutor.runWorker(ThreadPoolExecutor.java:1128)
	at java.util.concurrent.ThreadPoolExecutor$Worker.run(ThreadPoolExecutor.java:628)
	at java.lang.Thread.run(Thread.java:834)

2023.01.13 00:57:59 INFO  time: code lens generation in 1.06s
2023.01.13 00:57:59 WARN  no build target for: C:\Users\gere\Desktop\GebeyaDar\android\app\src\main\java\com\gebeyadar\MainActivity.java
2023.01.13 00:58:01 ERROR text document: file:///C:/Users/gere/Desktop/GebeyaDar/android/app/src/main/java/com/gebeyadar/MainActivity.javajava.nio.file.InvalidPathException: Illegal char <:> at index 4: file:///C:/Users/gere/Desktop/GebeyaDar/android/app/src/main/java/com/gebeyadar/MainActivity.java
	at sun.nio.fs.WindowsPathParser.normalize(WindowsPathParser.java:182)
	at sun.nio.fs.WindowsPathParser.parse(WindowsPathParser.java:153)
	at sun.nio.fs.WindowsPathParser.parse(WindowsPathParser.java:77)
	at sun.nio.fs.WindowsPath.parse(WindowsPath.java:92)
	at sun.nio.fs.WindowsFileSystem.getPath(WindowsFileSystem.java:229)
	at java.nio.file.Path.resolve(Path.java:515)
	at scala.meta.io.AbsolutePath.resolve(AbsolutePath.scala:43)
	at scala.meta.internal.implementation.ImplementationProvider.$anonfun$computeInheritance$2(ImplementationProvider.scala:85)
	at scala.collection.immutable.Vector.foreach(Vector.scala:1895)
	at scala.meta.internal.implementation.ImplementationProvider.$anonfun$computeInheritance$1(ImplementationProvider.scala:79)
	at scala.meta.internal.implementation.ImplementationProvider.$anonfun$computeInheritance$1$adapted(ImplementationProvider.scala:78)
	at scala.collection.immutable.List.foreach(List.scala:333)
	at scala.meta.internal.implementation.ImplementationProvider.computeInheritance(ImplementationProvider.scala:78)
	at scala.meta.internal.implementation.ImplementationProvider.$anonfun$onChange$1(ImplementationProvider.scala:68)
	at java.util.concurrent.ConcurrentHashMap.compute(ConcurrentHashMap.java:1908)
	at scala.meta.internal.implementation.ImplementationProvider.onChange(ImplementationProvider.scala:68)
	at scala.meta.internal.metals.SemanticdbIndexer.$anonfun$onChange$1(SemanticdbIndexer.scala:81)
	at scala.meta.internal.metals.SemanticdbIndexer.$anonfun$onChange$1$adapted(SemanticdbIndexer.scala:81)
	at scala.collection.immutable.List.foreach(List.scala:333)
	at scala.meta.internal.metals.SemanticdbIndexer.onChange(SemanticdbIndexer.scala:81)
	at scala.meta.internal.metals.SemanticdbIndexer.onChange(SemanticdbIndexer.scala:77)
	at scala.meta.internal.metals.InteractiveSemanticdbs.$anonfun$textDocument$1(InteractiveSemanticdbs.scala:96)
	at java.util.HashMap.compute(HashMap.java:1229)
	at java.util.Collections$SynchronizedMap.compute(Collections.java:2692)
	at scala.meta.internal.metals.InteractiveSemanticdbs.textDocument(InteractiveSemanticdbs.scala:89)
	at scala.meta.internal.metals.InteractiveSemanticdbs.textDocument(InteractiveSemanticdbs.scala:63)
	at scala.meta.internal.metals.AggregateSemanticdbs.loop$1(AggregateSemanticdbs.scala:30)
	at scala.meta.internal.metals.AggregateSemanticdbs.textDocument(AggregateSemanticdbs.scala:36)
	at scala.meta.internal.metals.CodeLensProvider.findLenses(CodeLensProvider.scala:22)
	at scala.meta.internal.metals.MetalsLanguageServer.$anonfun$codeLens$2(MetalsLanguageServer.scala:1793)
	at scala.meta.internal.metals.TimerProvider.timedThunk(TimerProvider.scala:25)
	at scala.meta.internal.metals.MetalsLanguageServer.$anonfun$codeLens$1(MetalsLanguageServer.scala:1791)
	at scala.meta.internal.metals.CancelTokens$.$anonfun$apply$2(CancelTokens.scala:26)
	at scala.concurrent.Future$.$anonfun$apply$1(Future.scala:678)
	at scala.concurrent.impl.Promise$Transformation.run(Promise.scala:467)
	at java.util.concurrent.ThreadPoolExecutor.runWorker(ThreadPoolExecutor.java:1128)
	at java.util.concurrent.ThreadPoolExecutor$Worker.run(ThreadPoolExecutor.java:628)
	at java.lang.Thread.run(Thread.java:834)

2023.01.13 00:58:01 INFO  time: code lens generation in 1.28s
